243
10 19995
41 19577
54 203
57 180
69 101
224 19420
280 2694
313 2284
327 2229
370 2007
379 1683
761 611
840 500
871 446
877 382
921 1546
1015 1171
1143 1029
1191 945
1192 1249
1286 1482
1509 1254
1662 1605
1676 1551
1718 378
1850 1762
1936 1852
2000 1948
2140 357
2276 2253
2342 2680
2360 2566
2479 2460
2539 2363
2588 2659
2730 19088
2738 19078
2785 17943
2787 2808
2815 16312
2912 16310
2975 16190
2979 16182
2992 15535
3046 15413
3170 3084
3205 3053
3259 15371
3453 3442
3505 3758
3513 3624
3580 3592
3750 3662
3857 3440
3858 3427
3876 15358
3922 15353
3991 3932
4012 15128
4030 15063
4107 11150
4118 11132
4141 11113
4167 5805
4228 4816
4241 4387
4417 4531
4453 4493
4579 4688
4726 4230
4817 4227
4923 5176
5160 4998
5186 4847
5193 5745
5352 5739
5401 5462
5717 5368
5794 4819
5875 11045
5925 11003
5927 10937
5933 10849
6061 10413
6129 6147
6193 10396
6205 10394
6226 6428
6339 6256
6680 6539
6735 6452
6745 10315
6816 6926
6928 10233
6944 10231
7034 6975
7201 7049
7207 10192
7262 7214
7304 7332
7523 7682
7539 7540
7598 7678
7715 7707
7809 7699
7824 7458
7891 7888
8031 10129
8085 10115
8102 10031
8198 9458
8230 9395
8266 9370
8314 8666
8348 8602
8354 8360
8390 8366
8425 8394
8491 8592
8750 8897
8878 8764
8992 9000
9018 8690
9138 9118
9284 9144
9302 9300
9367 9052
9430 8210
9493 8145
9599 10028
9603 9725
9911 9831
9980 9788
10008 9728
10051 10114
10134 7845
10141 7343
10170 7282
10337 6208
10578 10599
10626 10573
10667 10540
10689 6054
10706 10806
10848 6050
11017 5898
11216 4101
11305 14976
11375 14497
11382 13810
11423 13807
11428 13552
11457 12136
11480 12106
11498 11572
11640 11583
11698 11929
11724 11754
11863 11760
12013 11933
12082 11690
12352 12229
12355 13452
12408 13384
12410 13143
12497 13131
12667 12723
12708 12671
13044 12556
13078 12544
13232 13371
13453 12353
13475 12211
13601 13784
13608 13755
13912 14044
13979 13949
14026 13994
14053 14075
14202 13882
14292 11379
14339 11378
14433 14340
14656 14548
14763 14526
14937 14807
14955 14505
14999 11292
15018 11272
15066 4020
15276 15143
15287 15318
15489 15493
15677 16003
15704 15902
16112 15588
16115 16149
16265 2950
16278 16294
16327 17919
16392 17911
16404 17208
16418 17005
16505 16552
16576 16436
16658 16599
16775 16759
16814 16753
16831 16817
16845 16870
16959 16693
16978 16676
17197 17026
17207 17013
17210 17222
17391 17341
17483 17335
17494 17876
17757 17698
17812 17653
17899 17233
17901 17228
18005 2768
18027 19059
18152 18048
18400 18930
18431 18806
18617 18544
18786 18505
19020 18974
19028 18336
19034 18165
19137 266
19175 251
19276 19179
19321 19412
19341 19366
19487 19565
19667 19586
19802 19772
19854 19732
19895 19861
19916 29

